
=ERROR REPORT==== 15-Mar-2016::15:40:25 ===
** Generic server file_parser terminating 
** Last message in was start
** When Server state == []
** Reason for termination == 
** {badarg,[{erlang,'--',["1500\n",'\n'],[]},
            {file_parser,str2number,1,
                         [{file,"src/file_parser.erl"},{line,138}]},
            {file_parser,parser_header_concent,1,
                         [{file,"src/file_parser.erl"},{line,120}]},
            {file_parser,parser_header,1,
                         [{file,"src/file_parser.erl"},{line,103}]},
            {file_parser,parser_file,1,
                         [{file,"src/file_parser.erl"},{line,73}]},
            {file_parser,handle_info,2,
                         [{file,"src/file_parser.erl"},{line,50}]},
            {gen_server,try_dispatch,4,[{file,"gen_server.erl"},{line,615}]},
            {gen_server,handle_msg,5,[{file,"gen_server.erl"},{line,681}]}]}

=ERROR REPORT==== 15-Mar-2016::15:40:25 ===
** Generic server file_parser terminating 
** Last message in was start
** When Server state == []
** Reason for termination == 
** {badarg,[{erlang,'--',["1500\n",'\n'],[]},
            {file_parser,str2number,1,
                         [{file,"src/file_parser.erl"},{line,138}]},
            {file_parser,parser_header_concent,1,
                         [{file,"src/file_parser.erl"},{line,120}]},
            {file_parser,parser_header,1,
                         [{file,"src/file_parser.erl"},{line,103}]},
            {file_parser,parser_file,1,
                         [{file,"src/file_parser.erl"},{line,73}]},
            {file_parser,handle_info,2,
                         [{file,"src/file_parser.erl"},{line,50}]},
            {gen_server,try_dispatch,4,[{file,"gen_server.erl"},{line,615}]},
            {gen_server,handle_msg,5,[{file,"gen_server.erl"},{line,681}]}]}

=ERROR REPORT==== 15-Mar-2016::15:40:25 ===
** Generic server file_parser terminating 
** Last message in was start
** When Server state == []
** Reason for termination == 
** {badarg,[{erlang,'--',["1500\n",'\n'],[]},
            {file_parser,str2number,1,
                         [{file,"src/file_parser.erl"},{line,138}]},
            {file_parser,parser_header_concent,1,
                         [{file,"src/file_parser.erl"},{line,120}]},
            {file_parser,parser_header,1,
                         [{file,"src/file_parser.erl"},{line,103}]},
            {file_parser,parser_file,1,
                         [{file,"src/file_parser.erl"},{line,73}]},
            {file_parser,handle_info,2,
                         [{file,"src/file_parser.erl"},{line,50}]},
            {gen_server,try_dispatch,4,[{file,"gen_server.erl"},{line,615}]},
            {gen_server,handle_msg,5,[{file,"gen_server.erl"},{line,681}]}]}

=ERROR REPORT==== 15-Mar-2016::15:40:25 ===
** Generic server file_parser terminating 
** Last message in was start
** When Server state == []
** Reason for termination == 
** {badarg,[{erlang,'--',["1500\n",'\n'],[]},
            {file_parser,str2number,1,
                         [{file,"src/file_parser.erl"},{line,138}]},
            {file_parser,parser_header_concent,1,
                         [{file,"src/file_parser.erl"},{line,120}]},
            {file_parser,parser_header,1,
                         [{file,"src/file_parser.erl"},{line,103}]},
            {file_parser,parser_file,1,
                         [{file,"src/file_parser.erl"},{line,73}]},
            {file_parser,handle_info,2,
                         [{file,"src/file_parser.erl"},{line,50}]},
            {gen_server,try_dispatch,4,[{file,"gen_server.erl"},{line,615}]},
            {gen_server,handle_msg,5,[{file,"gen_server.erl"},{line,681}]}]}

=ERROR REPORT==== 15-Mar-2016::15:40:25 ===
** Generic server file_parser terminating 
** Last message in was start
** When Server state == []
** Reason for termination == 
** {badarg,[{erlang,'--',["1500\n",'\n'],[]},
            {file_parser,str2number,1,
                         [{file,"src/file_parser.erl"},{line,138}]},
            {file_parser,parser_header_concent,1,
                         [{file,"src/file_parser.erl"},{line,120}]},
            {file_parser,parser_header,1,
                         [{file,"src/file_parser.erl"},{line,103}]},
            {file_parser,parser_file,1,
                         [{file,"src/file_parser.erl"},{line,73}]},
            {file_parser,handle_info,2,
                         [{file,"src/file_parser.erl"},{line,50}]},
            {gen_server,try_dispatch,4,[{file,"gen_server.erl"},{line,615}]},
            {gen_server,handle_msg,5,[{file,"gen_server.erl"},{line,681}]}]}

=ERROR REPORT==== 15-Mar-2016::15:40:25 ===
** Generic server file_parser terminating 
** Last message in was start
** When Server state == []
** Reason for termination == 
** {badarg,[{erlang,'--',["1500\n",'\n'],[]},
            {file_parser,str2number,1,
                         [{file,"src/file_parser.erl"},{line,138}]},
            {file_parser,parser_header_concent,1,
                         [{file,"src/file_parser.erl"},{line,120}]},
            {file_parser,parser_header,1,
                         [{file,"src/file_parser.erl"},{line,103}]},
            {file_parser,parser_file,1,
                         [{file,"src/file_parser.erl"},{line,73}]},
            {file_parser,handle_info,2,
                         [{file,"src/file_parser.erl"},{line,50}]},
            {gen_server,try_dispatch,4,[{file,"gen_server.erl"},{line,615}]},
            {gen_server,handle_msg,5,[{file,"gen_server.erl"},{line,681}]}]}

=INFO REPORT==== 15-Mar-2016::15:40:25 ===
    application: maparser
    exited: shutdown
    type: temporary
