
=ERROR REPORT==== 15-Mar-2016::15:46:40 ===
** Generic server file_parser terminating 
** Last message in was start
** When Server state == []
** Reason for termination == 
** {function_clause,[{lists,reverse,
                            [{ok,"data=\n"}],
                            [{file,"lists.erl"},{line,146}]},
                     {string,tokens,2,[{file,"string.erl"},{line,232}]},
                     {file_parser,parser_layer_terrain,3,
                                  [{file,"src/file_parser.erl"},{line,167}]},
                     {file_parser,parser_file,1,
                                  [{file,"src/file_parser.erl"},{line,73}]},
                     {file_parser,handle_info,2,
                                  [{file,"src/file_parser.erl"},{line,50}]},
                     {gen_server,try_dispatch,4,
                                 [{file,"gen_server.erl"},{line,615}]},
                     {gen_server,handle_msg,5,
                                 [{file,"gen_server.erl"},{line,681}]},
                     {proc_lib,init_p_do_apply,3,
                               [{file,"proc_lib.erl"},{line,240}]}]}

=ERROR REPORT==== 15-Mar-2016::15:46:40 ===
** Generic server file_parser terminating 
** Last message in was start
** When Server state == []
** Reason for termination == 
** {function_clause,[{lists,reverse,
                            [{ok,"data=\n"}],
                            [{file,"lists.erl"},{line,146}]},
                     {string,tokens,2,[{file,"string.erl"},{line,232}]},
                     {file_parser,parser_layer_terrain,3,
                                  [{file,"src/file_parser.erl"},{line,167}]},
                     {file_parser,parser_file,1,
                                  [{file,"src/file_parser.erl"},{line,73}]},
                     {file_parser,handle_info,2,
                                  [{file,"src/file_parser.erl"},{line,50}]},
                     {gen_server,try_dispatch,4,
                                 [{file,"gen_server.erl"},{line,615}]},
                     {gen_server,handle_msg,5,
                                 [{file,"gen_server.erl"},{line,681}]},
                     {proc_lib,init_p_do_apply,3,
                               [{file,"proc_lib.erl"},{line,240}]}]}

=ERROR REPORT==== 15-Mar-2016::15:46:40 ===
** Generic server file_parser terminating 
** Last message in was start
** When Server state == []
** Reason for termination == 
** {function_clause,[{lists,reverse,
                            [{ok,"data=\n"}],
                            [{file,"lists.erl"},{line,146}]},
                     {string,tokens,2,[{file,"string.erl"},{line,232}]},
                     {file_parser,parser_layer_terrain,3,
                                  [{file,"src/file_parser.erl"},{line,167}]},
                     {file_parser,parser_file,1,
                                  [{file,"src/file_parser.erl"},{line,73}]},
                     {file_parser,handle_info,2,
                                  [{file,"src/file_parser.erl"},{line,50}]},
                     {gen_server,try_dispatch,4,
                                 [{file,"gen_server.erl"},{line,615}]},
                     {gen_server,handle_msg,5,
                                 [{file,"gen_server.erl"},{line,681}]},
                     {proc_lib,init_p_do_apply,3,
                               [{file,"proc_lib.erl"},{line,240}]}]}

=ERROR REPORT==== 15-Mar-2016::15:46:40 ===
** Generic server file_parser terminating 
** Last message in was start
** When Server state == []
** Reason for termination == 
** {function_clause,[{lists,reverse,
                            [{ok,"data=\n"}],
                            [{file,"lists.erl"},{line,146}]},
                     {string,tokens,2,[{file,"string.erl"},{line,232}]},
                     {file_parser,parser_layer_terrain,3,
                                  [{file,"src/file_parser.erl"},{line,167}]},
                     {file_parser,parser_file,1,
                                  [{file,"src/file_parser.erl"},{line,73}]},
                     {file_parser,handle_info,2,
                                  [{file,"src/file_parser.erl"},{line,50}]},
                     {gen_server,try_dispatch,4,
                                 [{file,"gen_server.erl"},{line,615}]},
                     {gen_server,handle_msg,5,
                                 [{file,"gen_server.erl"},{line,681}]},
                     {proc_lib,init_p_do_apply,3,
                               [{file,"proc_lib.erl"},{line,240}]}]}

=ERROR REPORT==== 15-Mar-2016::15:46:40 ===
** Generic server file_parser terminating 
** Last message in was start
** When Server state == []
** Reason for termination == 
** {function_clause,[{lists,reverse,
                            [{ok,"data=\n"}],
                            [{file,"lists.erl"},{line,146}]},
                     {string,tokens,2,[{file,"string.erl"},{line,232}]},
                     {file_parser,parser_layer_terrain,3,
                                  [{file,"src/file_parser.erl"},{line,167}]},
                     {file_parser,parser_file,1,
                                  [{file,"src/file_parser.erl"},{line,73}]},
                     {file_parser,handle_info,2,
                                  [{file,"src/file_parser.erl"},{line,50}]},
                     {gen_server,try_dispatch,4,
                                 [{file,"gen_server.erl"},{line,615}]},
                     {gen_server,handle_msg,5,
                                 [{file,"gen_server.erl"},{line,681}]},
                     {proc_lib,init_p_do_apply,3,
                               [{file,"proc_lib.erl"},{line,240}]}]}

=ERROR REPORT==== 15-Mar-2016::15:46:40 ===
** Generic server file_parser terminating 
** Last message in was start
** When Server state == []
** Reason for termination == 
** {function_clause,[{lists,reverse,
                            [{ok,"data=\n"}],
                            [{file,"lists.erl"},{line,146}]},
                     {string,tokens,2,[{file,"string.erl"},{line,232}]},
                     {file_parser,parser_layer_terrain,3,
                                  [{file,"src/file_parser.erl"},{line,167}]},
                     {file_parser,parser_file,1,
                                  [{file,"src/file_parser.erl"},{line,73}]},
                     {file_parser,handle_info,2,
                                  [{file,"src/file_parser.erl"},{line,50}]},
                     {gen_server,try_dispatch,4,
                                 [{file,"gen_server.erl"},{line,615}]},
                     {gen_server,handle_msg,5,
                                 [{file,"gen_server.erl"},{line,681}]},
                     {proc_lib,init_p_do_apply,3,
                               [{file,"proc_lib.erl"},{line,240}]}]}

=INFO REPORT==== 15-Mar-2016::15:46:40 ===
    application: maparser
    exited: shutdown
    type: temporary
