
=ERROR REPORT==== 15-Mar-2016::15:19:01 ===
** Generic server file_parser terminating 
** Last message in was start
** When Server state == []
** Reason for termination == 
** {badarg,[{erlang,'--',["1500\n",'\n'],[]},
            {file_parser,str2number,1,
                         [{file,"src/file_parser.erl"},{line,136}]},
            {file_parser,parser_header_concent,1,
                         [{file,"src/file_parser.erl"},{line,118}]},
            {file_parser,parser_header,1,
                         [{file,"src/file_parser.erl"},{line,101}]},
            {file_parser,parser_file,1,
                         [{file,"src/file_parser.erl"},{line,71}]},
            {file_parser,handle_info,2,
                         [{file,"src/file_parser.erl"},{line,49}]},
            {gen_server,try_dispatch,4,[{file,"gen_server.erl"},{line,615}]},
            {gen_server,handle_msg,5,[{file,"gen_server.erl"},{line,681}]}]}

=ERROR REPORT==== 15-Mar-2016::15:19:01 ===
** Generic server file_parser terminating 
** Last message in was start
** When Server state == []
** Reason for termination == 
** {badarg,[{erlang,'--',["1500\n",'\n'],[]},
            {file_parser,str2number,1,
                         [{file,"src/file_parser.erl"},{line,136}]},
            {file_parser,parser_header_concent,1,
                         [{file,"src/file_parser.erl"},{line,118}]},
            {file_parser,parser_header,1,
                         [{file,"src/file_parser.erl"},{line,101}]},
            {file_parser,parser_file,1,
                         [{file,"src/file_parser.erl"},{line,71}]},
            {file_parser,handle_info,2,
                         [{file,"src/file_parser.erl"},{line,49}]},
            {gen_server,try_dispatch,4,[{file,"gen_server.erl"},{line,615}]},
            {gen_server,handle_msg,5,[{file,"gen_server.erl"},{line,681}]}]}

=ERROR REPORT==== 15-Mar-2016::15:19:01 ===
** Generic server file_parser terminating 
** Last message in was start
** When Server state == []
** Reason for termination == 
** {badarg,[{erlang,'--',["1500\n",'\n'],[]},
            {file_parser,str2number,1,
                         [{file,"src/file_parser.erl"},{line,136}]},
            {file_parser,parser_header_concent,1,
                         [{file,"src/file_parser.erl"},{line,118}]},
            {file_parser,parser_header,1,
                         [{file,"src/file_parser.erl"},{line,101}]},
            {file_parser,parser_file,1,
                         [{file,"src/file_parser.erl"},{line,71}]},
            {file_parser,handle_info,2,
                         [{file,"src/file_parser.erl"},{line,49}]},
            {gen_server,try_dispatch,4,[{file,"gen_server.erl"},{line,615}]},
            {gen_server,handle_msg,5,[{file,"gen_server.erl"},{line,681}]}]}

=ERROR REPORT==== 15-Mar-2016::15:19:01 ===
** Generic server file_parser terminating 
** Last message in was start
** When Server state == []
** Reason for termination == 
** {badarg,[{erlang,'--',["1500\n",'\n'],[]},
            {file_parser,str2number,1,
                         [{file,"src/file_parser.erl"},{line,136}]},
            {file_parser,parser_header_concent,1,
                         [{file,"src/file_parser.erl"},{line,118}]},
            {file_parser,parser_header,1,
                         [{file,"src/file_parser.erl"},{line,101}]},
            {file_parser,parser_file,1,
                         [{file,"src/file_parser.erl"},{line,71}]},
            {file_parser,handle_info,2,
                         [{file,"src/file_parser.erl"},{line,49}]},
            {gen_server,try_dispatch,4,[{file,"gen_server.erl"},{line,615}]},
            {gen_server,handle_msg,5,[{file,"gen_server.erl"},{line,681}]}]}

=ERROR REPORT==== 15-Mar-2016::15:19:01 ===
** Generic server file_parser terminating 
** Last message in was start
** When Server state == []
** Reason for termination == 
** {badarg,[{erlang,'--',["1500\n",'\n'],[]},
            {file_parser,str2number,1,
                         [{file,"src/file_parser.erl"},{line,136}]},
            {file_parser,parser_header_concent,1,
                         [{file,"src/file_parser.erl"},{line,118}]},
            {file_parser,parser_header,1,
                         [{file,"src/file_parser.erl"},{line,101}]},
            {file_parser,parser_file,1,
                         [{file,"src/file_parser.erl"},{line,71}]},
            {file_parser,handle_info,2,
                         [{file,"src/file_parser.erl"},{line,49}]},
            {gen_server,try_dispatch,4,[{file,"gen_server.erl"},{line,615}]},
            {gen_server,handle_msg,5,[{file,"gen_server.erl"},{line,681}]}]}

=ERROR REPORT==== 15-Mar-2016::15:19:01 ===
** Generic server file_parser terminating 
** Last message in was start
** When Server state == []
** Reason for termination == 
** {badarg,[{erlang,'--',["1500\n",'\n'],[]},
            {file_parser,str2number,1,
                         [{file,"src/file_parser.erl"},{line,136}]},
            {file_parser,parser_header_concent,1,
                         [{file,"src/file_parser.erl"},{line,118}]},
            {file_parser,parser_header,1,
                         [{file,"src/file_parser.erl"},{line,101}]},
            {file_parser,parser_file,1,
                         [{file,"src/file_parser.erl"},{line,71}]},
            {file_parser,handle_info,2,
                         [{file,"src/file_parser.erl"},{line,49}]},
            {gen_server,try_dispatch,4,[{file,"gen_server.erl"},{line,615}]},
            {gen_server,handle_msg,5,[{file,"gen_server.erl"},{line,681}]}]}

=INFO REPORT==== 15-Mar-2016::15:19:01 ===
    application: maparser
    exited: shutdown
    type: temporary
